<?xml version="1.0" encoding="UTF-8"?>
<testsuite xmlns:xsi="http://www.w3.org/2001/XMLSchema-instance" xsi:noNamespaceSchemaLocation="https://maven.apache.org/surefire/maven-surefire-plugin/xsd/surefire-test-report.xsd" name="tddtask.TestEmail" time="0.078" tests="6" errors="5" skipped="1" failures="0">
  <properties>
    <property name="sun.desktop" value="windows"/>
    <property name="awt.toolkit" value="sun.awt.windows.WToolkit"/>
    <property name="file.encoding.pkg" value="sun.io"/>
    <property name="java.specification.version" value="1.8"/>
    <property name="sun.cpu.isalist" value="amd64"/>
    <property name="sun.jnu.encoding" value="Cp1252"/>
    <property name="java.class.path" value="c:\Users\admin\Desktop\My Files\Deutsche Bank - Job\DB training\TDD Sep22\emailtask\target\test-classes;c:\Users\admin\Desktop\My Files\Deutsche Bank - Job\DB training\TDD Sep22\emailtask\target\classes;C:\Users\admin\.m2\repository\junit\junit\4.11\junit-4.11.jar;C:\Users\admin\.m2\repository\org\hamcrest\hamcrest-core\1.3\hamcrest-core-1.3.jar;"/>
    <property name="java.vm.vendor" value="Oracle Corporation"/>
    <property name="sun.arch.data.model" value="64"/>
    <property name="user.variant" value=""/>
    <property name="java.vendor.url" value="http://java.oracle.com/"/>
    <property name="user.timezone" value=""/>
    <property name="java.vm.specification.version" value="1.8"/>
    <property name="os.name" value="Windows 7"/>
    <property name="user.country" value="IN"/>
    <property name="sun.java.launcher" value="SUN_STANDARD"/>
    <property name="sun.boot.library.path" value="C:\Program Files\Java\jdk1.8.0_171\jre\bin"/>
    <property name="sun.java.command" value="C:\Users\admin\AppData\Local\Temp\surefire1224787129599232383\surefirebooter7455375834063351700.jar C:\Users\admin\AppData\Local\Temp\surefire1224787129599232383 2020-09-23T09-24-18_407-jvmRun1 surefire9096259472552273500tmp surefire_0470620173192956567tmp"/>
    <property name="surefire.test.class.path" value="c:\Users\admin\Desktop\My Files\Deutsche Bank - Job\DB training\TDD Sep22\emailtask\target\test-classes;c:\Users\admin\Desktop\My Files\Deutsche Bank - Job\DB training\TDD Sep22\emailtask\target\classes;C:\Users\admin\.m2\repository\junit\junit\4.11\junit-4.11.jar;C:\Users\admin\.m2\repository\org\hamcrest\hamcrest-core\1.3\hamcrest-core-1.3.jar;"/>
    <property name="sun.cpu.endian" value="little"/>
    <property name="user.home" value="C:\Users\admin"/>
    <property name="user.language" value="en"/>
    <property name="java.specification.vendor" value="Oracle Corporation"/>
    <property name="java.home" value="C:\Program Files\Java\jdk1.8.0_171\jre"/>
    <property name="basedir" value="c:\Users\admin\Desktop\My Files\Deutsche Bank - Job\DB training\TDD Sep22\emailtask"/>
    <property name="file.separator" value="\"/>
    <property name="line.separator" value="&#10;"/>
    <property name="java.vm.specification.vendor" value="Oracle Corporation"/>
    <property name="java.specification.name" value="Java Platform API Specification"/>
    <property name="java.awt.graphicsenv" value="sun.awt.Win32GraphicsEnvironment"/>
    <property name="surefire.real.class.path" value="C:\Users\admin\AppData\Local\Temp\surefire1224787129599232383\surefirebooter7455375834063351700.jar"/>
    <property name="sun.boot.class.path" value="C:\Program Files\Java\jdk1.8.0_171\jre\lib\resources.jar;C:\Program Files\Java\jdk1.8.0_171\jre\lib\rt.jar;C:\Program Files\Java\jdk1.8.0_171\jre\lib\sunrsasign.jar;C:\Program Files\Java\jdk1.8.0_171\jre\lib\jsse.jar;C:\Program Files\Java\jdk1.8.0_171\jre\lib\jce.jar;C:\Program Files\Java\jdk1.8.0_171\jre\lib\charsets.jar;C:\Program Files\Java\jdk1.8.0_171\jre\lib\jfr.jar;C:\Program Files\Java\jdk1.8.0_171\jre\classes"/>
    <property name="user.script" value=""/>
    <property name="sun.management.compiler" value="HotSpot 64-Bit Tiered Compilers"/>
    <property name="java.runtime.version" value="1.8.0_171-b11"/>
    <property name="user.name" value="admin"/>
    <property name="path.separator" value=";"/>
    <property name="os.version" value="6.1"/>
    <property name="java.endorsed.dirs" value="C:\Program Files\Java\jdk1.8.0_171\jre\lib\endorsed"/>
    <property name="java.runtime.name" value="Java(TM) SE Runtime Environment"/>
    <property name="file.encoding" value="Cp1252"/>
    <property name="java.vm.name" value="Java HotSpot(TM) 64-Bit Server VM"/>
    <property name="localRepository" value="C:\Users\admin\.m2\repository"/>
    <property name="java.vendor.url.bug" value="http://bugreport.sun.com/bugreport/"/>
    <property name="java.io.tmpdir" value="C:\Users\admin\AppData\Local\Temp\"/>
    <property name="java.version" value="1.8.0_171"/>
    <property name="user.dir" value="c:\Users\admin\Desktop\My Files\Deutsche Bank - Job\DB training\TDD Sep22\emailtask"/>
    <property name="os.arch" value="amd64"/>
    <property name="java.vm.specification.name" value="Java Virtual Machine Specification"/>
    <property name="java.awt.printerjob" value="sun.awt.windows.WPrinterJob"/>
    <property name="sun.os.patch.level" value="Service Pack 1"/>
    <property name="java.library.path" value="C:\Program Files\Java\jdk1.8.0_171\jre\bin;C:\Windows\Sun\Java\bin;C:\Windows\system32;C:\Windows;C:\Program Files (x86)\Common Files\Oracle\Java\javapath;C:\WinAVR-20090313\bin;C:\WinAVR-20090313\utils\bin;C:\Windows\system32;C:\Windows;C:\Windows\System32\Wbem;C:\Windows\System32\WindowsPowerShell\v1.0\;C:\Program Files\MATLAB\R2018a\runtime\win64;C:\Program Files\MATLAB\R2018a\bin;C:\MinGW\bin;C:\Program Files\Java\jdk1.8.0_171\bin;C:\Program Files\MongoDB\Server\4.2\bin;C:\Program Files\Git\cmd;C:\Users\admin\AppData\Local\Programs\Python\Python36\Scripts\;C:\Users\admin\AppData\Local\Programs\Python\Python36\;C:\Users\admin\AppData\Local\Programs\Microsoft VS Code\bin;C:\Program Files\MySQL\MySQL Server 5.6\bin;C:\Program Files\apache-maven-3.6.3\bin;;."/>
    <property name="java.vm.info" value="mixed mode"/>
    <property name="java.vendor" value="Oracle Corporation"/>
    <property name="java.vm.version" value="25.171-b11"/>
    <property name="java.ext.dirs" value="C:\Program Files\Java\jdk1.8.0_171\jre\lib\ext;C:\Windows\Sun\Java\lib\ext"/>
    <property name="sun.io.unicode.encoding" value="UnicodeLittle"/>
    <property name="java.class.version" value="52.0"/>
  </properties>
  <testcase name="testValidSubjectChars" classname="tddtask.TestEmail" time="0.033">
    <error type="java.lang.NullPointerException">java.lang.NullPointerException
	at tddtask.TestEmail.testValidSubjectChars(TestEmail.java:49)
</error>
    <system-out><![CDATA[This will execute before all tests
This will execute before every test
This will execute after every test
]]></system-out>
  </testcase>
  <testcase name="testValidEmailID" classname="tddtask.TestEmail" time="0.015">
    <error type="java.lang.NullPointerException">java.lang.NullPointerException
	at tddtask.TestEmail.testValidEmailID(TestEmail.java:32)
</error>
    <system-out><![CDATA[This will execute before every test
This will execute after every test
]]></system-out>
  </testcase>
  <testcase name="testBody" classname="tddtask.TestEmail" time="0">
    <skipped/>
  </testcase>
  <testcase name="testSendEmail" classname="tddtask.TestEmail" time="0.005">
    <error type="java.lang.NullPointerException">java.lang.NullPointerException
	at tddtask.TestEmail.testSendEmail(TestEmail.java:80)
</error>
    <system-out><![CDATA[This will execute before every test
This will execute after every test
]]></system-out>
  </testcase>
  <testcase name="testAttachment" classname="tddtask.TestEmail" time="0.005">
    <error type="java.lang.NullPointerException">java.lang.NullPointerException
	at tddtask.TestEmail.testAttachment(TestEmail.java:72)
</error>
    <system-out><![CDATA[This will execute before every test
This will execute after every test
]]></system-out>
  </testcase>
  <testcase name="testSubjectLength" classname="tddtask.TestEmail" time="0.006">
    <error type="java.lang.NullPointerException">java.lang.NullPointerException
	at tddtask.TestEmail.testSubjectLength(TestEmail.java:39)
</error>
    <system-out><![CDATA[This will execute before every test
This will execute after every test
]]></system-out>
  </testcase>
</testsuite>